#
# There is insufficient memory for the Java Runtime Environment to continue.
# Native memory allocation (mmap) failed to map 264241152 bytes for G1 virtual space
# Possible reasons:
#   The system is out of physical RAM or swap space
#   The process is running with CompressedOops enabled, and the Java Heap may be blocking the growth of the native heap
# Possible solutions:
#   Reduce memory load on the system
#   Increase physical memory or swap space
#   Check if swap backing store is full
#   Decrease Java heap size (-Xmx/-Xms)
#   Decrease number of Java threads
#   Decrease Java thread stack sizes (-Xss)
#   Set larger code cache with -XX:ReservedCodeCacheSize=
#   JVM is running with Zero Based Compressed Oops mode in which the Java heap is
#     placed in the first 32GB address space. The Java Heap base address is the
#     maximum limit for the native heap growth. Please use -XX:HeapBaseMinAddress
#     to set the Java Heap base and to place the Java Heap above 32GB virtual address.
# This output file may be truncated or incomplete.
#
#  Out of Memory Error (os_windows.cpp:3600), pid=83384, tid=84640
#
# JRE version:  (21.0.1+12) (build )
# Java VM: Java HotSpot(TM) 64-Bit Server VM (21.0.1+12-LTS-29, mixed mode, sharing, tiered, compressed oops, compressed class ptrs, g1 gc, windows-amd64)
# No core dump will be written. Minidumps are not enabled by default on client versions of Windows
#

---------------  S U M M A R Y ------------

Command Line: -ea -Didea.test.cyclic.buffer.size=1048576 -javaagent:C:\Program Files\JetBrains\IntelliJ IDEA Community Edition 2024.1.2\lib\idea_rt.jar=59103:C:\Program Files\JetBrains\IntelliJ IDEA Community Edition 2024.1.2\bin -Dfile.encoding=UTF-8 -Dsun.stdout.encoding=UTF-8 -Dsun.stderr.encoding=UTF-8 com.intellij.rt.junit.JUnitStarter -ideVersion5 -junit4 testcases.OTPverification,testExample

Host: 12th Gen Intel(R) Core(TM) i5-12500T, 12 cores, 15G,  Windows 11 , 64 bit Build 22621 (10.0.22621.3672)
Time: Mon Jul  8 11:18:32 2024 Nepal Standard Time elapsed time: 0.013249 seconds (0d 0h 0m 0s)

---------------  T H R E A D  ---------------

Current thread (0x000001e63d7ce080):  JavaThread "Unknown thread" [_thread_in_vm, id=84640, stack(0x0000003897e00000,0x0000003897f00000) (1024K)]

Stack: [0x0000003897e00000,0x0000003897f00000]
Native frames: (J=compiled Java code, j=interpreted, Vv=VM code, C=native code)
V  [jvm.dll+0x6c9029]
V  [jvm.dll+0x854b81]
V  [jvm.dll+0x856e5e]
V  [jvm.dll+0x857543]
V  [jvm.dll+0x280c06]
V  [jvm.dll+0x6c5715]
V  [jvm.dll+0x6ba10a]
V  [jvm.dll+0x3557ea]
V  [jvm.dll+0x35d436]
V  [jvm.dll+0x3ae1be]
V  [jvm.dll+0x3ae468]
V  [jvm.dll+0x3291fc]
V  [jvm.dll+0x329d8b]
V  [jvm.dll+0x81d179]
V  [jvm.dll+0x3bb4f1]
V  [jvm.dll+0x805ae8]
V  [jvm.dll+0x44effe]
V  [jvm.dll+0x450901]
C  [jli.dll+0x52a3]
C  [ucrtbase.dll+0x29333]
C  [KERNEL32.DLL+0x1257d]
C  [ntdll.dll+0x5af28]


---------------  P R O C E S S  ---------------

Threads class SMR info:
_java_thread_list=0x00007ff8c96e9b88, length=0, elements={
}

Java Threads: ( => current thread )
Total: 0

Other Threads:
  0x000001e63faf6a80 WorkerThread "GC Thread#0"                     [id=82760, stack(0x0000003897f00000,0x0000003898000000) (1024K)]
  0x000001e63fb08830 ConcurrentGCThread "G1 Main Marker"            [id=87856, stack(0x0000003898000000,0x0000003898100000) (1024K)]
  0x000001e63fb09ad0 WorkerThread "G1 Conc#0"                       [id=44524, stack(0x0000003898100000,0x0000003898200000) (1024K)]

[error occurred during error reporting (printing all threads), id 0xc0000005, EXCEPTION_ACCESS_VIOLATION (0xc0000005) at pc=0x00007ff8c8e5c2c7]
VM state: not at safepoint (not fully initialized)

VM Mutex/Monitor currently owned by a thread:  ([mutex/lock_event])
[0x00007ff8c975a6f8] Heap_lock - owner thread: 0x000001e63d7ce080

Heap address: 0x0000000704c00000, size: 4020 MB, Compressed Oops mode: Zero based, Oop shift amount: 3

CDS archive(s) mapped at: [0x0000000000000000-0x0000000000000000-0x0000000000000000), size 0, SharedBaseAddress: 0x0000000800000000, ArchiveRelocationMode: 1.
Narrow klass base: 0x0000000000000000, Narrow klass shift: 0, Narrow klass range: 0x0

GC Precious Log:
 CardTable entry size: 512
 Card Set container configuration: InlinePtr #cards 4 size 8 Array Of Cards #cards 16 size 48 Howl #buckets 8 coarsen threshold 3686 Howl Bitmap #cards 512 size 80 coarsen threshold 460 Card regions per heap region 1 cards per card region 4096

Heap:
 garbage-first heap   total 0K, used 0K [0x0000000704c00000, 0x0000000800000000)
  region size 2048K, 0 young (0K), 0 survivors (0K)

[error occurred during error reporting (printing heap information), id 0xc0000005, EXCEPTION_ACCESS_VIOLATION (0xc0000005) at pc=0x00007ff8c9241be9]
GC Heap History (0 events):
No events

Dll operation events (1 events):
Event: 0.009 Loaded shared library C:\Program Files\Java\jdk-21\bin\java.dll

Deoptimization events (0 events):
No events

Classes loaded (0 events):
No events

Classes unloaded (0 events):
No events

Classes redefined (0 events):
No events

Internal exceptions (0 events):
No events

ZGC Phase Switch (0 events):
No events

VM Operations (0 events):
No events

Events (0 events):
No events


Dynamic libraries:
0x00007ff795550000 - 0x00007ff795560000 	C:\Program Files\Java\jdk-21\bin\java.exe
0x00007ff935670000 - 0x00007ff935887000 	C:\WINDOWS\SYSTEM32\ntdll.dll
0x00007ff92c220000 - 0x00007ff92c239000 	C:\Program Files\Avast Software\Avast\aswhook.dll
0x00007ff9346d0000 - 0x00007ff934794000 	C:\WINDOWS\System32\KERNEL32.DLL
0x00007ff932ac0000 - 0x00007ff932e6c000 	C:\WINDOWS\System32\KERNELBASE.dll
0x00007ff933260000 - 0x00007ff933371000 	C:\WINDOWS\System32\ucrtbase.dll
0x00007ff929cf0000 - 0x00007ff929d09000 	C:\Program Files\Java\jdk-21\bin\jli.dll
0x00007ff929cd0000 - 0x00007ff929ceb000 	C:\Program Files\Java\jdk-21\bin\VCRUNTIME140.dll
0x00007ff934590000 - 0x00007ff934642000 	C:\WINDOWS\System32\ADVAPI32.dll
0x00007ff9349e0000 - 0x00007ff934a87000 	C:\WINDOWS\System32\msvcrt.dll
0x00007ff9333b0000 - 0x00007ff93345a000 	C:\WINDOWS\System32\sechost.dll
0x00007ff933380000 - 0x00007ff9333a8000 	C:\WINDOWS\System32\bcrypt.dll
0x00007ff933cc0000 - 0x00007ff933dd5000 	C:\WINDOWS\System32\RPCRT4.dll
0x00007ff933de0000 - 0x00007ff933f8e000 	C:\WINDOWS\System32\USER32.dll
0x00007ff933110000 - 0x00007ff933136000 	C:\WINDOWS\System32\win32u.dll
0x00007ff9350e0000 - 0x00007ff935109000 	C:\WINDOWS\System32\GDI32.dll
0x00007ff921490000 - 0x00007ff921723000 	C:\WINDOWS\WinSxS\amd64_microsoft.windows.common-controls_6595b64144ccf1df_6.0.22621.3672_none_2713b9d173822955\COMCTL32.dll
0x00007ff933140000 - 0x00007ff933259000 	C:\WINDOWS\System32\gdi32full.dll
0x00007ff9329a0000 - 0x00007ff932a3a000 	C:\WINDOWS\System32\msvcp_win.dll
0x00007ff9298b0000 - 0x00007ff9298ba000 	C:\WINDOWS\SYSTEM32\VERSION.dll
0x00007ff934330000 - 0x00007ff934361000 	C:\WINDOWS\System32\IMM32.DLL
0x00007ff92f140000 - 0x00007ff92f14c000 	C:\Program Files\Java\jdk-21\bin\vcruntime140_1.dll
0x00007ff921fb0000 - 0x00007ff92203e000 	C:\Program Files\Java\jdk-21\bin\msvcp140.dll
0x00007ff8c8b20000 - 0x00007ff8c9835000 	C:\Program Files\Java\jdk-21\bin\server\jvm.dll
0x00007ff935110000 - 0x00007ff935181000 	C:\WINDOWS\System32\WS2_32.dll
0x00007ff931f30000 - 0x00007ff931f7d000 	C:\WINDOWS\SYSTEM32\POWRPROF.dll
0x00007ff921bc0000 - 0x00007ff921bf4000 	C:\WINDOWS\SYSTEM32\WINMM.dll
0x00007ff931f10000 - 0x00007ff931f23000 	C:\WINDOWS\SYSTEM32\UMPDC.dll
0x00007ff931990000 - 0x00007ff9319a8000 	C:\WINDOWS\SYSTEM32\kernel.appcore.dll
0x00007ff92c110000 - 0x00007ff92c11a000 	C:\Program Files\Java\jdk-21\bin\jimage.dll
0x00007ff92ffe0000 - 0x00007ff930212000 	C:\WINDOWS\SYSTEM32\DBGHELP.DLL
0x00007ff935190000 - 0x00007ff935518000 	C:\WINDOWS\System32\combase.dll
0x00007ff9347a0000 - 0x00007ff934877000 	C:\WINDOWS\System32\OLEAUT32.dll
0x00007ff92a760000 - 0x00007ff92a792000 	C:\WINDOWS\SYSTEM32\dbgcore.DLL
0x00007ff932a40000 - 0x00007ff932abb000 	C:\WINDOWS\System32\bcryptPrimitives.dll
0x00007ff929d90000 - 0x00007ff929d9f000 	C:\Program Files\Java\jdk-21\bin\instrument.dll
0x00007ff929cb0000 - 0x00007ff929ccf000 	C:\Program Files\Java\jdk-21\bin\java.dll

dbghelp: loaded successfully - version: 4.0.5 - missing functions: none
symbol engine: initialized successfully - sym options: 0x614 - pdb path: .;C:\Program Files\Java\jdk-21\bin;C:\WINDOWS\SYSTEM32;C:\Program Files\Avast Software\Avast;C:\WINDOWS\WinSxS\amd64_microsoft.windows.common-controls_6595b64144ccf1df_6.0.22621.3672_none_2713b9d173822955;C:\Program Files\Java\jdk-21\bin\server

VM Arguments:
jvm_args: -ea -Didea.test.cyclic.buffer.size=1048576 -javaagent:C:\Program Files\JetBrains\IntelliJ IDEA Community Edition 2024.1.2\lib\idea_rt.jar=59103:C:\Program Files\JetBrains\IntelliJ IDEA Community Edition 2024.1.2\bin -Dfile.encoding=UTF-8 -Dsun.stdout.encoding=UTF-8 -Dsun.stderr.encoding=UTF-8 
java_command: com.intellij.rt.junit.JUnitStarter -ideVersion5 -junit4 testcases.OTPverification,testExample
java_class_path (initial): C:\Program Files\JetBrains\IntelliJ IDEA Community Edition 2024.1.2\lib\idea_rt.jar;C:\Program Files\JetBrains\IntelliJ IDEA Community Edition 2024.1.2\plugins\junit\lib\junit5-rt.jar;C:\Program Files\JetBrains\IntelliJ IDEA Community Edition 2024.1.2\plugins\junit\lib\junit-rt.jar;C:\Users\aashma.lamichhane\Desktop\Automation_Self\TutorialAutoFramework\target\test-classes;C:\Users\aashma.lamichhane\Desktop\Automation_Self\TutorialAutoFramework\target\classes;C:\Users\aashma.lamichhane\.m2\repository\org\seleniumhq\selenium\selenium-java\4.22.0\selenium-java-4.22.0.jar;C:\Users\aashma.lamichhane\.m2\repository\org\seleniumhq\selenium\selenium-api\4.22.0\selenium-api-4.22.0.jar;C:\Users\aashma.lamichhane\.m2\repository\org\seleniumhq\selenium\selenium-chrome-driver\4.22.0\selenium-chrome-driver-4.22.0.jar;C:\Users\aashma.lamichhane\.m2\repository\com\google\auto\service\auto-service-annotations\1.1.1\auto-service-annotations-1.1.1.jar;C:\Users\aashma.lamichhane\.m2\repository\org\seleniumhq\selenium\selenium-chromium-driver\4.22.0\selenium-chromium-driver-4.22.0.jar;C:\Users\aashma.lamichhane\.m2\repository\org\seleniumhq\selenium\selenium-json\4.22.0\selenium-json-4.22.0.jar;C:\Users\aashma.lamichhane\.m2\repository\org\seleniumhq\selenium\selenium-manager\4.22.0\selenium-manager-4.22.0.jar;C:\Users\aashma.lamichhane\.m2\repository\org\seleniumhq\selenium\selenium-devtools-v124\4.22.0\selenium-devtools-v124-4.22.0.jar;C:\Users\aashma.lamichhane\.m2\repository\org\seleniumhq\selenium\selenium-devtools-v125\4.22.0\selenium-devtools-v125-4.22.0.jar;C:\Users\aashma.lamichhane\.m2\repository\org\seleniumhq\selenium\selenium-devtools-v126\4.22.0\selenium-devtools-v126-4.22.0.jar;C:\Users\aashma.lamichhane\.m2\repository\org\seleniumhq\selenium\selenium-devtools-v85\4.22.0\selenium-devtools-v85-4.22.0.jar;C:\Users\aashma.lamichhane\.m2\repository\org\seleniumhq\selenium\selenium-edge-driver\4.22.0\selenium-edge-driver-4.22.0.jar;C:\Users\aashma.lamichhane\.m2\repository\org\seleniumhq\selenium\selenium-firefox-driver\4.22.0\selenium-firefox-driver-4.22.0.jar;C:\Users\aashma.lamichhane\.m2\repository\org\seleniumhq\selenium\selenium-http\4.22.0\selenium-http-4.22.0.jar;C:\Users\aashma.lamichhane\.m2\repository\dev\failsafe\failsafe\3.3.2\failsafe-3.3.2.jar;C:\Users\aashma.lamichhane\.m2\repository\org\seleniumhq\selenium\selenium-ie-driver\4.22.0\selenium-ie-driver-4.22.0.jar;C:\Users\aashma.lamichhane\.m2\repository\org\seleniumhq\selenium\selenium-remote-driver\4.22.0\selenium-remote-driver-4.22.0.jar;C:\Users\aashma.lamichhane\.m2\repository\io\opentelemetry\semconv\opentelemetry-semconv\1.25.0-alpha\opentelemetry-semconv-1.25.0-alpha.jar;C:\Users\aashma.lamichhane\.m2\repository\io\opentelemetry\opentelemetry-api\1.39.0\opentelemetry-api-1.39.0.jar;C:\Users\aashma.lamichhane\.m2\repository\io\opentelemetry\opentelemetry-context\1.39.0\opentelemetry-context-1.39.0.jar;C:\Users\aashma.lamichhane\.m2\repository\io\opentelemetry\opentelemetry-exporter-logging\1.39.0\opentelemetry-exporter-logging-1.39.0.jar;C:\Users\aashma.lamichhane\.m2\repository\io\opentelemetry\opentelemetry-sdk-common\1.39.0\opentelemetry-sdk-common-1.39.0.jar;C:\Users\aashma.lamichhane\.m2\repository\io\opentelemetry\opentelemetry-sdk-extension-autoconfigure-spi\1.39.0\opentelemetry-sdk-extension-autoconfigure-spi-1.39.0.jar;C:\Users\aashma.lamichhane\.m2\repository\io\opentelemetry\opentelemetry-sdk-extension-autoconfigure\1.39.0\opentelemetry-sdk-extension-autoconfigure-1.39.0.jar;C:\Users\aashma.lamichhane\.m2\repository\io\opentelemetry\opentelemetry-api-incubator\1.39.0-alpha\opentelemetry-api-incubator-1.39.0-alpha.jar;C:\Users\aashma.lamichhane\.m2\repository\io\opentelemetry\opentelemetry-sdk-trace\1.39.0\opentelemetry-sdk-trace-1.39.0.jar;C:\Users\aashma.lamichhane\.m2\repository\io\opentelemetry\opentelemetry-sdk\1.39.0\opentelemetry-sdk-1.39.0.jar;C:\Users\aashma.lamichhane\.m2\repository\io\opentelemetry\opentelemetry-sdk-metrics\1.39.0\opentelemetry-sdk-metrics-1.39.0.jar;C:\Users\aashma.lamichhane\.m2\repository\io\opentelemetry\opentelemetry-sdk-logs\1.39.0\opentelemetry-sdk-logs-1.39.0.jar;C:\Users\aashma.lamichhane\.m2\repository\net\bytebuddy\byte-buddy\1.14.17\byte-buddy-1.14.17.jar;C:\Users\aashma.lamichhane\.m2\repository\org\seleniumhq\selenium\selenium-os\4.22.0\selenium-os-4.22.0.jar;C:\Users\aashma.lamichhane\.m2\repository\org\apache\commons\commons-exec\1.4.0\commons-exec-1.4.0.jar;C:\Users\aashma.lamichhane\.m2\repository\org\seleniumhq\selenium\selenium-safari-driver\4.22.0\selenium-safari-driver-4.22.0.jar;C:\Users\aashma.lamichhane\.m2\repository\org\seleniumhq\selenium\selenium-support\4.22.0\selenium-support-4.22.0.jar;C:\Users\aashma.lamichhane\.m2\repository\org\testng\testng\7.10.2\testng-7.10.2.jar;C:\Users\aashma.lamichhane\.m2\repository\org\slf4j\slf4j-api\1.7.36\slf4j-api-1.7.36.jar;C:\Users\aashma.lamichhane\.m2\repository\com\beust\jcommander\1.82\jcommander-1.82.jar;C:\Users\aashma.lamichhane\.m2\repository\org\webjars\jquery\3.7.1\jquery-3.7.1.jar;C:\Users\aashma.lamichhane\.m2\repository\org\apache\poi\poi\5.2.5\poi-5.2.5.jar;C:\Users\aashma.lamichhane\.m2\repository\commons-codec\commons-codec\1.16.0\commons-codec-1.16.0.jar;C:\Users\aashma.lamichhane\.m2\repository\org\apache\commons\commons-collections4\4.4\commons-collections4-4.4.jar;C:\Users\aashma.lamichhane\.m2\repository\org\apache\commons\commons-math3\3.6.1\commons-math3-3.6.1.jar;C:\Users\aashma.lamichhane\.m2\repository\commons-io\commons-io\2.15.0\commons-io-2.15.0.jar;C:\Users\aashma.lamichhane\.m2\repository\com\zaxxer\SparseBitSet\1.3\SparseBitSet-1.3.jar;C:\Users\aashma.lamichhane\.m2\repository\org\apache\logging\log4j\log4j-api\2.21.1\log4j-api-2.21.1.jar;C:\Users\aashma.lamichhane\.m2\repository\org\apache\poi\poi-ooxml\5.2.5\poi-ooxml-5.2.5.jar;C:\Users\aashma.lamichhane\.m2\repository\org\apache\poi\poi-ooxml-lite\5.2.5\poi-ooxml-lite-5.2.5.jar;C:\Users\aashma.lamichhane\.m2\repository\org\apache\xmlbeans\xmlbeans\5.2.0\xmlbeans-5.2.0.jar;C:\Users\aashma.lamichhane\.m2\repository\org\apache\commons\commons-compress\1.25.0\commons-compress-1.25.0.jar;C:\Users\aashma.lamichhane\.m2\repository\com\github\virtuald\curvesapi\1.08\curvesapi-1.08.jar;C:\Users\aashma.lamichhane\.m2\repository\org\apache\poi\poi-ooxml-schemas\4.1.2\poi-ooxml-schemas-4.1.2.jar;C:\Users\aashma.lamichhane\.m2\repository\com\aventstack\extentreports\5.1.2\extentreports-5.1.2.jar;C:\Users\aashma.lamichhane\.m2\repository\io\reactivex\rxjava3\rxjava\3.1.6\rxjava-3.1.6.jar;C:\Users\aashma.lamichhane\.m2\repository\org\reactivestreams\reactive-streams\1.0.4\reactive-streams-1.0.4.jar;C:\Users\aashma.lamichhane\.m2\repository\org\freemarker\freemarker\2.3.32\freemarker-2.3.32.jar;C:\Users\aashma.lamichhane\.m2\repository\org\projectlombok\lombok\1.18.26\lombok-1.18.26.jar;C:\Users\aashma.lamichhane\.m2\repository\com\google\code\gson\gson\2.10.1\gson-2.10.1.jar;C:\Users\aashma.lamichhane\.m2\repository\com\mailosaur\mailosaur-java\8.1.0\mailosaur-java-8.1.0.jar;C:\Users\aashma.lamichhane\.m2\repository\com\google\http-client\google-http-client\1.44.2\google-http-client-1.44.2.jar;C:\Users\aashma.lamichhane\.m2\repository\org\apache\httpcomponents\httpclient\4.5.14\httpclient-4.5.14.jar;C:\Users\aashma.lamichhane\.m2\repository\org\apache\httpcomponents\httpcore\4.4.16\httpcore-4.4.16.jar;C:\Users\aashma.lamichhane\.m2\repository\com\google\code\findbugs\jsr305\3.0.2\jsr305-3.0.2.jar;C:\Users\aashma.lamichhane\.m2\repository\com\google\errorprone\error_prone_annotations\2.23.0\error_prone_annotations-2.23.0.jar;C:\Users\aashma.lamichhane\.m2\repository\com\google\j2objc\j2objc-annotations\2.8\j2objc-annotations-2.8.jar;C:\Users\aashma.lamichhane\.m2\repository\io\grpc\grpc-context\1.60.1\grpc-context-1.60.1.jar;C:\Users\aashma.lamichhane\.m2\repository\io\grpc\grpc-api\1.60.1\grpc-api-1.60.1.jar;C:\Users\aashma.lamichhane\.m2\repository\io\opencensus\opencensus-api\0.31.1\opencensus-api-0.31.1.jar;C:\Users\aashma.lamichhane\.m2\repository\io\opencensus\opencensus-contrib-http-util\0.31.1\opencensus-contrib-http-util-0.31.1.jar;C:\Users\aashma.lamichhane\.m2\repository\com\google\http-client\google-http-client-gson\1.44.2\google-http-client-gson-1.44.2.jar;C:\Users\aashma.lamichhane\.m2\repository\com\google\guava\guava\33.2.1-jre\guava-33.2.1-jre.jar;C:\Users\aashma.lamichhane\.m2\repository\com\google\guava\failureaccess\1.0.2\failureaccess-1.0.2.jar;C:\Users\aashma.lamichhane\.m2\repository\com\google\guava\listenablefuture\9999.0-empty-to-avoid-conflict-with-guava\listenablefuture-9999.0-empty-to-avoid-conflict-with-guava.jar;C:\Users\aashma.lamichhane\.m2\repository\org\checkerframework\checker-qual\3.42.0\checker-qual-3.42.0.jar;C:\Users\aashma.lamichhane\.m2\repository\com\sun\mail\javax.mail\1.6.0\javax.mail-1.6.0.jar;C:\Users\aashma.lamichhane\.m2\repository\javax\activation\activation\1.1\activation-1.1.jar;C:\Users\aashma.lamichhane\.m2\repository\junit\junit\4.12\junit-4.12.jar;C:\Users\aashma.lamichhane\.m2\repository\org\hamcrest\hamcrest-core\1.3\hamcrest-core-1.3.jar
Launcher Type: SUN_STANDARD

[Global flags]
     intx CICompilerCount                          = 4                                         {product} {ergonomic}
     uint ConcGCThreads                            = 3                                         {product} {ergonomic}
     uint G1ConcRefinementThreads                  = 10                                        {product} {ergonomic}
   size_t G1HeapRegionSize                         = 2097152                                   {product} {ergonomic}
    uintx GCDrainStackTargetSize                   = 64                                        {product} {ergonomic}
   size_t InitialHeapSize                          = 264241152                                 {product} {ergonomic}
   size_t MarkStackSize                            = 4194304                                   {product} {ergonomic}
   size_t MaxHeapSize                              = 4215275520                                {product} {ergonomic}
   size_t MinHeapDeltaBytes                        = 2097152                                   {product} {ergonomic}
   size_t MinHeapSize                              = 8388608                                   {product} {ergonomic}
    uintx NonNMethodCodeHeapSize                   = 5839372                                {pd product} {ergonomic}
    uintx NonProfiledCodeHeapSize                  = 122909434                              {pd product} {ergonomic}
    uintx ProfiledCodeHeapSize                     = 122909434                              {pd product} {ergonomic}
    uintx ReservedCodeCacheSize                    = 251658240                              {pd product} {ergonomic}
     bool SegmentedCodeCache                       = true                                      {product} {ergonomic}
   size_t SoftMaxHeapSize                          = 4215275520                             {manageable} {ergonomic}
     bool UseCompressedOops                        = true                           {product lp64_product} {ergonomic}
     bool UseG1GC                                  = true                                      {product} {ergonomic}
     bool UseLargePagesIndividualAllocation        = false                                  {pd product} {ergonomic}

Logging:
Log output configuration:
 #0: stdout all=warning uptime,level,tags foldmultilines=false
 #1: stderr all=off uptime,level,tags foldmultilines=false

Environment Variables:
PATH=C:\Program Files\Common Files\Oracle\Java\javapath;C:\WINDOWS\system32;C:\WINDOWS;C:\WINDOWS\System32\Wbem;C:\WINDOWS\System32\WindowsPowerShell\v1.0\;C:\WINDOWS\System32\OpenSSH\;C:\Program Files\Docker\Docker\resources\bin;C:\Program Files\Git\cmd;C:\Program Files\Amazon\AWSCLIV2\;C:\Program Files (x86)\Microsoft Group Policy\Windows 10 October 2022 Update (22H2)\PolicyDefinitions\;C:\Program Files\nodejs\;C:\Users\aashma.lamichhane\trivy-0.46.1;C:\Users\aashma.lamichhane\trivy_0.46.0_windows-64bit;C:\Program Files\Java\jdk-21\bin;C:\Users\aashma.lamichhane\python3.12;C:\Users\aashma.lamichhane\python3.12\Scripts;C:\Users\aashma.lamichhane\python3.12\libs;C:\Users\aashma.lamichhane\python3.12\Lib;C:\Users\aashma.lamichhane\python3.12\DLLs;;C:\selenium webdriver\chromedriver-win64;C:\Users\aashma.lamichhane\AppData\Local\Microsoft\WindowsApps;C:\Users\aashma.lamichhane\AppData\Local\Programs\Microsoft VS Code\bin;C:\Users\aashma.lamichhane\AppData\Local\Packages\PythonSoftwareFoundation.Python.3.11_qbz5n2kfra8p0\LocalCache\local-packages\Python311\Scripts;C:\Users\aashma.lamichhane\.deno\bin;C:\Users\aashma.lamichhane\AppData\Roaming\npm;C:\Users\aashma.lamichhane\trivy-0.46.1;C:\Users\aashma.lamichhane\trivy_0.46.0_windows-64bit;C:\Program Files\Java\jdk-21\bin;C:\Program Files (x86)\PyCharm Community Edition 2023.3.2\bin;;;C:\Program Files\JetBrains\IntelliJ IDEA Community Edition 2024.1.2\bin;
USERNAME=aashma.lamichhane
OS=Windows_NT
PROCESSOR_IDENTIFIER=Intel64 Family 6 Model 151 Stepping 5, GenuineIntel
TMP=C:\Users\AASHMA~1.LAM\AppData\Local\Temp
TEMP=C:\Users\AASHMA~1.LAM\AppData\Local\Temp




Periodic native trim disabled

---------------  S Y S T E M  ---------------

OS:
 Windows 11 , 64 bit Build 22621 (10.0.22621.3672)
OS uptime: 17 days 1:46 hours
Hyper-V role detected

CPU: total 12 (initial active 12) (6 cores per cpu, 2 threads per core) family 6 model 151 stepping 5 microcode 0x2c, cx8, cmov, fxsr, ht, mmx, 3dnowpref, sse, sse2, sse3, ssse3, sse4.1, sse4.2, popcnt, lzcnt, tsc, tscinvbit, avx, avx2, aes, erms, clmul, bmi1, bmi2, adx, sha, fma, vzeroupper, clflush, clflushopt, clwb, hv, serialize, rdtscp, rdpid, fsrm, f16c, cet_ibt, cet_ss
Processor Information for all 12 processors :
  Max Mhz: 2000, Current Mhz: 2000, Mhz Limit: 2000

Memory: 4k page, system-wide physical 16072M (625M free)
TotalPageFile size 46435M (AvailPageFile size 71M)
current process WorkingSet (physical memory assigned to process): 11M, peak: 11M
current process commit charge ("private bytes"): 64M, peak: 316M

vm_info: Java HotSpot(TM) 64-Bit Server VM (21.0.1+12-LTS-29) for windows-amd64 JRE (21.0.1+12-LTS-29), built on 2023-10-05T13:27:09Z by "mach5one" with MS VC++ 17.1 (VS2022)

END.
